<?xml version="1.0" encoding="UTF-8"?>
<testng-results skipped="0" failed="0" ignored="0" total="6" passed="6">
  <reporter-output>
  </reporter-output>
  <suite name="NewTour Automation" duration-ms="19171" started-at="2020-05-22T18:14:14Z" finished-at="2020-05-22T18:14:33Z">
    <groups>
    </groups>
    <test name="New Tour test" duration-ms="19171" started-at="2020-05-22T18:14:14Z" finished-at="2020-05-22T18:14:33Z">
      <class name="com.nt.test.FlightBookingTest">
        <test-method status="PASS" signature="setUp(java.lang.String)[pri:0, instance:com.nt.test.FlightBookingTest@1a052a00]" name="setUp" is-config="true" duration-ms="9836" started-at="2020-05-22T18:14:04Z" finished-at="2020-05-22T18:14:14Z">
          <params>
            <param index="0">
              <value>
                <![CDATA[chrome]]>
              </value>
            </param>
          </params>
          <reporter-output>
          </reporter-output>
        </test-method> <!-- setUp -->
        <test-method status="PASS" signature="loginToSite()[pri:1, instance:com.nt.test.FlightBookingTest@1a052a00]" name="loginToSite" duration-ms="4276" started-at="2020-05-22T18:14:14Z" finished-at="2020-05-22T18:14:19Z">
          <reporter-output>
          </reporter-output>
        </test-method> <!-- loginToSite -->
        <test-method status="PASS" signature="bookingDetails(java.lang.String, java.lang.String, java.lang.String, java.lang.String, java.lang.String, java.lang.String, java.lang.String, java.lang.String, java.lang.String, java.lang.String)[pri:2, instance:com.nt.test.FlightBookingTest@1a052a00]" name="bookingDetails" duration-ms="3242" started-at="2020-05-22T18:14:21Z" data-provider="flightBookingData" finished-at="2020-05-22T18:14:24Z">
          <params>
            <param index="0">
              <value>
                <![CDATA[roundtrip]]>
              </value>
            </param>
            <param index="1">
              <value>
                <![CDATA[2]]>
              </value>
            </param>
            <param index="2">
              <value>
                <![CDATA[New York]]>
              </value>
            </param>
            <param index="3">
              <value>
                <![CDATA[June]]>
              </value>
            </param>
            <param index="4">
              <value>
                <![CDATA[10]]>
              </value>
            </param>
            <param index="5">
              <value>
                <![CDATA[Paris]]>
              </value>
            </param>
            <param index="6">
              <value>
                <![CDATA[June]]>
              </value>
            </param>
            <param index="7">
              <value>
                <![CDATA[20]]>
              </value>
            </param>
            <param index="8">
              <value>
                <![CDATA[First]]>
              </value>
            </param>
            <param index="9">
              <value>
                <![CDATA[Blue Skies Airlines]]>
              </value>
            </param>
          </params>
          <reporter-output>
          </reporter-output>
        </test-method> <!-- bookingDetails -->
        <test-method status="PASS" signature="FlightSelection(java.lang.String, java.lang.String)[pri:3, instance:com.nt.test.FlightBookingTest@1a052a00]" name="FlightSelection" duration-ms="1351" started-at="2020-05-22T18:14:24Z" data-provider="flightBookingData" finished-at="2020-05-22T18:14:26Z">
          <params>
            <param index="0">
              <value>
                <![CDATA[2]]>
              </value>
            </param>
            <param index="1">
              <value>
                <![CDATA[3]]>
              </value>
            </param>
          </params>
          <reporter-output>
          </reporter-output>
        </test-method> <!-- FlightSelection -->
        <test-method status="PASS" signature="passengerDetails(java.lang.String, java.lang.String, java.lang.String, java.lang.String, java.lang.String, java.lang.String, java.lang.String, java.lang.String, java.lang.String, java.lang.String)[pri:4, instance:com.nt.test.FlightBookingTest@1a052a00]" name="passengerDetails" duration-ms="2085" started-at="2020-05-22T18:14:26Z" data-provider="flightBookingData" finished-at="2020-05-22T18:14:28Z">
          <params>
            <param index="0">
              <value>
                <![CDATA[pradhan&manoj]]>
              </value>
            </param>
            <param index="1">
              <value>
                <![CDATA[singh&ramawat]]>
              </value>
            </param>
            <param index="2">
              <value>
                <![CDATA[Hindu&Kosher]]>
              </value>
            </param>
            <param index="3">
              <value>
                <![CDATA[Visa]]>
              </value>
            </param>
            <param index="4">
              <value>
                <![CDATA[123467890]]>
              </value>
            </param>
            <param index="5">
              <value>
                <![CDATA[09]]>
              </value>
            </param>
            <param index="6">
              <value>
                <![CDATA[2010]]>
              </value>
            </param>
            <param index="7">
              <value>
                <![CDATA[pradhan]]>
              </value>
            </param>
            <param index="8">
              <value>
                <![CDATA[singh]]>
              </value>
            </param>
            <param index="9">
              <value>
                <![CDATA[meena]]>
              </value>
            </param>
          </params>
          <reporter-output>
          </reporter-output>
        </test-method> <!-- passengerDetails -->
        <test-method status="PASS" signature="billAddressDetails(java.lang.String, java.lang.String, java.lang.String, java.lang.String, java.lang.String, java.lang.String)[pri:5, instance:com.nt.test.FlightBookingTest@1a052a00]" name="billAddressDetails" duration-ms="1302" started-at="2020-05-22T18:14:28Z" data-provider="flightBookingData" finished-at="2020-05-22T18:14:29Z">
          <params>
            <param index="0">
              <value>
                <![CDATA[Central Silk Board]]>
              </value>
            </param>
            <param index="1">
              <value>
                <![CDATA[BTM Layout]]>
              </value>
            </param>
            <param index="2">
              <value>
                <![CDATA[Bangalore]]>
              </value>
            </param>
            <param index="3">
              <value>
                <![CDATA[Karnataka]]>
              </value>
            </param>
            <param index="4">
              <value>
                <![CDATA[560068]]>
              </value>
            </param>
            <param index="5">
              <value>
                <![CDATA[INDIA]]>
              </value>
            </param>
          </params>
          <reporter-output>
          </reporter-output>
        </test-method> <!-- billAddressDetails -->
        <test-method status="PASS" signature="delAddressDetails(java.lang.String, java.lang.String, java.lang.String, java.lang.String, java.lang.String, java.lang.String)[pri:6, instance:com.nt.test.FlightBookingTest@1a052a00]" name="delAddressDetails" duration-ms="4183" started-at="2020-05-22T18:14:29Z" data-provider="flightBookingData" finished-at="2020-05-22T18:14:33Z">
          <params>
            <param index="0">
              <value>
                <![CDATA[Central Silk Board]]>
              </value>
            </param>
            <param index="1">
              <value>
                <![CDATA[BTM Layout]]>
              </value>
            </param>
            <param index="2">
              <value>
                <![CDATA[Bangalore]]>
              </value>
            </param>
            <param index="3">
              <value>
                <![CDATA[Karnataka]]>
              </value>
            </param>
            <param index="4">
              <value>
                <![CDATA[560068]]>
              </value>
            </param>
            <param index="5">
              <value>
                <![CDATA[INDIA]]>
              </value>
            </param>
          </params>
          <reporter-output>
          </reporter-output>
        </test-method> <!-- delAddressDetails -->
        <test-method status="PASS" signature="tesrDown()[pri:0, instance:com.nt.test.FlightBookingTest@1a052a00]" name="tesrDown" is-config="true" duration-ms="1975" started-at="2020-05-22T18:14:34Z" finished-at="2020-05-22T18:14:36Z">
          <reporter-output>
          </reporter-output>
        </test-method> <!-- tesrDown -->
      </class> <!-- com.nt.test.FlightBookingTest -->
    </test> <!-- New Tour test -->
  </suite> <!-- NewTour Automation -->
</testng-results>
